<?xml version="1.0" encoding="UTF-8"?>
<testsuite name="OrderCardWithDelivery" tests="1" skipped="0" failures="0" errors="0" timestamp="2020-02-03T14:54:07" hostname="WIN-KDQ8SFLE901" time="18.953">
  <properties/>
  <testcase name="shouldOrderCardWithDelivery()" classname="OrderCardWithDelivery" time="18.953"/>
  <system-out><![CDATA[]]></system-out>
  <system-err><![CDATA[фев 03, 2020 8:54:07 PM com.codeborne.selenide.drivercommands.LazyDriver getAndCheckWebDriver
INFO: No webdriver is bound to current thread: 11 - let's create a new webdriver
SLF4J: Failed to load class "org.slf4j.impl.StaticLoggerBinder".
SLF4J: Defaulting to no-operation (NOP) logger implementation
SLF4J: See http://www.slf4j.org/codes.html#StaticLoggerBinder for further details.
Starting ChromeDriver 79.0.3945.36 (3582db32b33893869b8c1339e8f4d9ed1816f143-refs/branch-heads/3945@{#614}) on port 37539
Only local connections are allowed.
Please protect ports used by ChromeDriver and related test frameworks to prevent access by malicious code.
фев 03, 2020 8:54:10 PM org.openqa.selenium.remote.ProtocolHandshake createSession
INFO: Detected dialect: W3C
фев 03, 2020 8:54:10 PM com.codeborne.selenide.webdriver.BrowserResizer adjustBrowserSize
INFO: Set browser size to 1366x768
фев 03, 2020 8:54:11 PM com.codeborne.selenide.webdriver.WebDriverFactory logBrowserVersion
INFO: BrowserName=chrome Version=79.0.3945.130 Platform=WINDOWS
фев 03, 2020 8:54:11 PM com.codeborne.selenide.webdriver.WebDriverFactory createWebDriver
INFO: Selenide v. 5.3.1
фев 03, 2020 8:54:11 PM com.codeborne.selenide.webdriver.WebDriverFactory logSeleniumInfo
INFO: Selenium WebDriver v. 3.141.59 build time: 2018-11-14T08:17:03
фев 03, 2020 8:54:11 PM com.codeborne.selenide.drivercommands.CreateDriverCommand createDriver
INFO: Create webdriver in current thread 11: ChromeDriver -> ChromeDriver: chrome on WINDOWS (ebf02ccc370fd2dd9bd235a294600838)
фев 03, 2020 8:54:25 PM com.codeborne.selenide.drivercommands.CloseDriverCommand run
INFO: Close webdriver: 11 -> ChromeDriver: chrome on WINDOWS (ebf02ccc370fd2dd9bd235a294600838)
фев 03, 2020 8:54:25 PM com.codeborne.selenide.drivercommands.CloseBrowser run
INFO: Trying to close the browser ChromeDriver ...
фев 03, 2020 8:54:26 PM com.codeborne.selenide.drivercommands.CloseDriverCommand run
INFO: Closed webdriver 11 in 1142 ms
]]></system-err>
</testsuite>
